<?xml version="1.0" encoding="UTF-8"?>
<!-- Generated by org.testng.reporters.JUnitXMLReporter -->
<testsuite ignored="0" hostname="DESKTOP-DNQIM9N" failures="1" tests="2" name="Test2" time="0.163" errors="0" timestamp="2022-01-27T21:25:23 IST">
  <testcase classname="testNG_Basics.TC_Timeout" name="lenskart" time="0.0">
    <failure type="org.testng.TestNGException" message="
Cannot inject @Test annotated Method [lenskart] with [class java.util.concurrent.TimeUnit].
For more information on native dependency injection please refer to https://testng.org/doc/documentation-main.html#native-dependency-injection">
      <![CDATA[org.testng.TestNGException: 
Cannot inject @Test annotated Method [lenskart] with [class java.util.concurrent.TimeUnit].
For more information on native dependency injection please refer to https://testng.org/doc/documentation-main.html#native-dependency-injection
at java.base/java.util.ArrayList.forEach(ArrayList.java:1511)
at java.base/java.util.concurrent.FutureTask.run(FutureTask.java:264)
at java.base/java.util.concurrent.ThreadPoolExecutor.runWorker(ThreadPoolExecutor.java:1136)
at java.base/java.util.concurrent.ThreadPoolExecutor$Worker.run(ThreadPoolExecutor.java:635)
at java.base/java.lang.Thread.run(Thread.java:833)
... Removed 17 stack frames]]>
    </failure>
  </testcase> <!-- lenskart -->
  <testcase classname="testNG_Basics.TC_Loans_101" name="deleteLoan" time="0.013"/>
</testsuite> <!-- Test2 -->
